[debug] [2021-10-26T06:45:41.887Z] ----------------------------------------------------------------------
[debug] [2021-10-26T06:45:41.894Z] Command:       C:\Program Files\nodejs\node.exe C:\Users\Suraj\AppData\Roaming\npm\node_modules\firebase-tools\lib\bin\firebase.js init
[debug] [2021-10-26T06:45:41.895Z] CLI Version:   9.20.0
[debug] [2021-10-26T06:45:41.895Z] Platform:      win32
[debug] [2021-10-26T06:45:41.896Z] Node Version:  v14.17.5
[debug] [2021-10-26T06:45:41.898Z] Time:          Tue Oct 26 2021 12:15:41 GMT+0530 (India Standard Time)
[debug] [2021-10-26T06:45:41.899Z] ----------------------------------------------------------------------
[debug] 
[debug] [2021-10-26T06:45:42.191Z] Field ".hosting" in "firebase.json" is possibly invalid: should be object
[debug] [2021-10-26T06:45:42.191Z] Object ".hosting[0]" in "firebase.json" is missing required property: {"missingProperty":"target"}
[debug] [2021-10-26T06:45:42.192Z] Object ".hosting[0]" in "firebase.json" is missing required property: {"missingProperty":"site"}
[debug] [2021-10-26T06:45:42.193Z] Field ".hosting[0]" in "firebase.json" is possibly invalid: should match some schema in anyOf
[debug] [2021-10-26T06:45:42.193Z] Field ".hosting" in "firebase.json" is possibly invalid: should match some schema in anyOf
[debug] [2021-10-26T06:45:42.207Z] > command requires scopes: ["email","openid","https://www.googleapis.com/auth/cloudplatformprojects.readonly","https://www.googleapis.com/auth/firebase","https://www.googleapis.com/auth/cloud-platform"]
[debug] [2021-10-26T06:45:42.208Z] > authorizing via signed-in user (en20it301001@medicaps.ac.in)
[debug] [2021-10-26T06:45:42.214Z] Field ".hosting" in "firebase.json" is possibly invalid: should be object
[debug] [2021-10-26T06:45:42.214Z] Object ".hosting[0]" in "firebase.json" is missing required property: {"missingProperty":"target"}
[debug] [2021-10-26T06:45:42.215Z] Object ".hosting[0]" in "firebase.json" is missing required property: {"missingProperty":"site"}
[debug] [2021-10-26T06:45:42.215Z] Field ".hosting[0]" in "firebase.json" is possibly invalid: should match some schema in anyOf
[debug] [2021-10-26T06:45:42.216Z] Field ".hosting" in "firebase.json" is possibly invalid: should match some schema in anyOf
[info] 
     ######## #### ########  ######## ########     ###     ######  ########
     ##        ##  ##     ## ##       ##     ##  ##   ##  ##       ##
     ######    ##  ########  ######   ########  #########  ######  ######
     ##        ##  ##    ##  ##       ##     ## ##     ##       ## ##
     ##       #### ##     ## ######## ########  ##     ##  ######  ########

You're about to initialize a Firebase project in this directory:

  C:\Users\Suraj\Desktop\angular_files\ticket

Before we get started, keep in mind:

  * You are initializing within an existing Firebase project directory

[info] 
=== Project Setup
[info] 
[info] First, let's associate this project directory with a Firebase project.
[info] You can create multiple project aliases by running firebase use --add, 
[info] but for now we'll just set up a default project.
[info] 
[info] i  .firebaserc already has a default project, using bookingtickets-46fa9. 
[debug] [2021-10-26T06:45:51.585Z] >>> [apiv2][query] GET https://firebase.googleapis.com/v1beta1/projects/bookingtickets-46fa9 [none]
[debug] [2021-10-26T06:45:52.513Z] <<< [apiv2][status] GET https://firebase.googleapis.com/v1beta1/projects/bookingtickets-46fa9 200
[debug] [2021-10-26T06:45:52.514Z] <<< [apiv2][body] GET https://firebase.googleapis.com/v1beta1/projects/bookingtickets-46fa9 {"projectId":"bookingtickets-46fa9","projectNumber":"561758624685","displayName":"bookingtickets","name":"projects/bookingtickets-46fa9","resources":{"hostingSite":"bookingtickets-46fa9","realtimeDatabaseInstance":"bookingtickets-46fa9-default-rtdb","storageBucket":"bookingtickets-46fa9.appspot.com","locationId":"us-central"},"state":"ACTIVE"}
[info] 
=== Database Setup
[info] i  database: ensuring required API firebasedatabase.googleapis.com is enabled... 
[debug] [2021-10-26T06:45:52.520Z] > refreshing access token with scopes: ["email","https://www.googleapis.com/auth/cloud-platform","https://www.googleapis.com/auth/cloudplatformprojects.readonly","https://www.googleapis.com/auth/firebase","openid"]
[debug] [2021-10-26T06:45:52.521Z] >>> HTTP REQUEST POST https://www.googleapis.com/oauth2/v3/token  
 <request body omitted>
[debug] [2021-10-26T06:45:53.311Z] <<< HTTP RESPONSE 200 {"cache-control":"no-cache, no-store, max-age=0, must-revalidate","expires":"Mon, 01 Jan 1990 00:00:00 GMT","date":"Tue, 26 Oct 2021 06:45:53 GMT","pragma":"no-cache","content-type":"application/json; charset=utf-8","vary":"X-Origin, Referer, Origin,Accept-Encoding","server":"scaffolding on HTTPServer2","x-xss-protection":"0","x-frame-options":"SAMEORIGIN","x-content-type-options":"nosniff","alt-svc":"h3=\":443\"; ma=2592000,h3-29=\":443\"; ma=2592000,h3-Q050=\":443\"; ma=2592000,h3-Q046=\":443\"; ma=2592000,h3-Q043=\":443\"; ma=2592000","accept-ranges":"none","transfer-encoding":"chunked"}
[debug] [2021-10-26T06:45:53.419Z] >>> HTTP REQUEST GET https://serviceusage.googleapis.com/v1/projects/bookingtickets-46fa9/services/firebasedatabase.googleapis.com  
 
[debug] [2021-10-26T06:46:15.486Z] Error: connect ETIMEDOUT 142.250.207.202:443
    at TCPConnectWrap.afterConnect [as oncomplete] (net.js:1148:16)
[error] 
[error] Error: Server Error. connect ETIMEDOUT 142.250.207.202:443
